# JRE version: Java(TM) SE Runtime Environment (8.0_91-b14) (build 1.8.0_91-b14)
# Java VM: Java HotSpot(TM) 64-Bit Server VM (25.91-b14 mixed mode bsd-amd64 compressed oops)
Heap:
 PSYoungGen      total 586240K, used 398660K [0x0000000795580000, 0x00000007bf400000, 0x00000007c0000000)
  eden space 495104K, 80% used [0x0000000795580000,0x00000007adad1020,0x00000007b3900000)
  from space 91136K, 0% used [0x00000007b9b00000,0x00000007b9b00000,0x00000007bf400000)
  to   space 95744K, 0% used [0x00000007b3900000,0x00000007b3900000,0x00000007b9680000)
 ParOldGen       total 1398272K, used 1397857K [0x0000000740000000, 0x0000000795580000, 0x0000000795580000)
  object space 1398272K, 99% used [0x0000000740000000,0x00000007955186f8,0x0000000795580000)
 Metaspace       used 494641K, capacity 613622K, committed 614336K, reserved 1558528K
  class space    used 82322K, capacity 105793K, committed 105984K, reserved 1048576K
GC Heap History (10 events):
Event: 16933.816 GC heap before
{Heap before GC invocations=144 (full 40):
 PSYoungGen      total 586240K, used 495104K [0x0000000795580000, 0x00000007bf400000, 0x00000007c0000000)
  eden space 495104K, 100% used [0x0000000795580000,0x00000007b3900000,0x00000007b3900000)
  from space 91136K, 0% used [0x00000007b9b00000,0x00000007b9b00000,0x00000007bf400000)
  to   space 95744K, 0% used [0x00000007b3900000,0x00000007b3900000,0x00000007b9680000)
 ParOldGen       total 1398272K, used 1398076K [0x0000000740000000, 0x0000000795580000, 0x0000000795580000)
  object space 1398272K, 99% used [0x0000000740000000,0x000000079554f1c0,0x0000000795580000)
 Metaspace       used 494707K, capacity 613750K, committed 614336K, reserved 1558528K
  class space    used 82331K, capacity 105836K, committed 105984K, reserved 1048576K
Event: 16957.873 GC heap after
Heap after GC invocations=144 (full 40):
 PSYoungGen      total 586240K, used 326926K [0x0000000795580000, 0x00000007bf400000, 0x00000007c0000000)
  eden space 495104K, 66% used [0x0000000795580000,0x00000007a94c3890,0x00000007b3900000)
  from space 91136K, 0% used [0x00000007b9b00000,0x00000007b9b00000,0x00000007bf400000)
  to   space 95744K, 0% used [0x00000007b3900000,0x00000007b3900000,0x00000007b9680000)
 ParOldGen       total 1398272K, used 1398056K [0x0000000740000000, 0x0000000795580000, 0x0000000795580000)
  object space 1398272K, 99% used [0x0000000740000000,0x000000079554a178,0x0000000795580000)
 Metaspace       used 494704K, capacity 613744K, committed 614336K, reserved 1558528K
  class space    used 82331K, capacity 105835K, committed 105984K, reserved 1048576K
}
Event: 16959.489 GC heap before
{Heap before GC invocations=145 (full 41):
 PSYoungGen      total 586240K, used 495104K [0x0000000795580000, 0x00000007bf400000, 0x00000007c0000000)
  eden space 495104K, 100% used [0x0000000795580000,0x00000007b3900000,0x00000007b3900000)
  from space 91136K, 0% used [0x00000007b9b00000,0x00000007b9b00000,0x00000007bf400000)
  to   space 95744K, 0% used [0x00000007b3900000,0x00000007b3900000,0x00000007b9680000)
 ParOldGen       total 1398272K, used 1398056K [0x0000000740000000, 0x0000000795580000, 0x0000000795580000)
  object space 1398272K, 99% used [0x0000000740000000,0x000000079554a178,0x0000000795580000)
 Metaspace       used 494706K, capacity 613808K, committed 614336K, reserved 1558528K
  class space    used 82331K, capacity 105835K, committed 105984K, reserved 1048576K
Event: 16996.921 GC heap after
Heap after GC invocations=145 (full 41):
 PSYoungGen      total 586240K, used 336251K [0x0000000795580000, 0x00000007bf400000, 0x00000007c0000000)
  eden space 495104K, 67% used [0x0000000795580000,0x00000007a9dded18,0x00000007b3900000)
  from space 91136K, 0% used [0x00000007b9b00000,0x00000007b9b00000,0x00000007bf400000)
  to   space 95744K, 0% used [0x00000007b3900000,0x00000007b3900000,0x00000007b9680000)
 ParOldGen       total 1398272K, used 1398056K [0x0000000740000000, 0x0000000795580000, 0x0000000795580000)
  object space 1398272K, 99% used [0x0000000740000000,0x000000079554a178,0x0000000795580000)
 Metaspace       used 494706K, capacity 613808K, committed 614336K, reserved 1558528K
  class space    used 82331K, capacity 105835K, committed 105984K, reserved 1048576K
}
Event: 17001.007 GC heap before
{Heap before GC invocations=146 (full 42):
 PSYoungGen      total 586240K, used 495104K [0x0000000795580000, 0x00000007bf400000, 0x00000007c0000000)
  eden space 495104K, 100% used [0x0000000795580000,0x00000007b3900000,0x00000007b3900000)
  from space 91136K, 0% used [0x00000007b9b00000,0x00000007b9b00000,0x00000007bf400000)
  to   space 95744K, 0% used [0x00000007b3900000,0x00000007b3900000,0x00000007b9680000)
 ParOldGen       total 1398272K, used 1398056K [0x0000000740000000, 0x0000000795580000, 0x0000000795580000)
  object space 1398272K, 99% used [0x0000000740000000,0x000000079554a178,0x0000000795580000)
 Metaspace       used 494718K, capacity 613808K, committed 614336K, reserved 1558528K
  class space    used 82332K, capacity 105835K, committed 105984K, reserved 1048576K
Event: 17029.713 GC heap after
Heap after GC invocations=146 (full 42):
 PSYoungGen      total 586240K, used 344177K [0x0000000795580000, 0x00000007bf400000, 0x00000007c0000000)
  eden space 495104K, 69% used [0x0000000795580000,0x00000007aa59c730,0x00000007b3900000)
  from space 91136K, 0% used [0x00000007b9b00000,0x00000007b9b00000,0x00000007bf400000)
  to   space 95744K, 0% used [0x00000007b3900000,0x00000007b3900000,0x00000007b9680000)
 ParOldGen       total 1398272K, used 1398038K [0x0000000740000000, 0x0000000795580000, 0x0000000795580000)
  object space 1398272K, 99% used [0x0000000740000000,0x0000000795545bf0,0x0000000795580000)
 Metaspace       used 494718K, capacity 613808K, committed 614336K, reserved 1558528K
  class space    used 82332K, capacity 105835K, committed 105984K, reserved 1048576K
}
Event: 17031.567 GC heap before
{Heap before GC invocations=147 (full 43):
 PSYoungGen      total 586240K, used 495104K [0x0000000795580000, 0x00000007bf400000, 0x00000007c0000000)
  eden space 495104K, 100% used [0x0000000795580000,0x00000007b3900000,0x00000007b3900000)
  from space 91136K, 0% used [0x00000007b9b00000,0x00000007b9b00000,0x00000007bf400000)
  to   space 95744K, 0% used [0x00000007b3900000,0x00000007b3900000,0x00000007b9680000)
 ParOldGen       total 1398272K, used 1398038K [0x0000000740000000, 0x0000000795580000, 0x0000000795580000)
  object space 1398272K, 99% used [0x0000000740000000,0x0000000795545bf0,0x0000000795580000)
 Metaspace       used 494744K, capacity 613850K, committed 614336K, reserved 1558528K
  class space    used 82337K, capacity 105846K, committed 105984K, reserved 1048576K
Event: 17060.605 GC heap after
Heap after GC invocations=147 (full 43):
 PSYoungGen      total 586240K, used 350845K [0x0000000795580000, 0x00000007bf400000, 0x00000007c0000000)
  eden space 495104K, 70% used [0x0000000795580000,0x00000007aac1f4a0,0x00000007b3900000)
  from space 91136K, 0% used [0x00000007b9b00000,0x00000007b9b00000,0x00000007bf400000)
  to   space 95744K, 0% used [0x00000007b3900000,0x00000007b3900000,0x00000007b9680000)
 ParOldGen       total 1398272K, used 1397882K [0x0000000740000000, 0x0000000795580000, 0x0000000795580000)
  object space 1398272K, 99% used [0x0000000740000000,0x000000079551e888,0x0000000795580000)
 Metaspace       used 494639K, capacity 613622K, committed 614336K, reserved 1558528K
  class space    used 82322K, capacity 105793K, committed 105984K, reserved 1048576K
}
Event: 17061.728 GC heap before
{Heap before GC invocations=148 (full 44):
 PSYoungGen      total 586240K, used 495104K [0x0000000795580000, 0x00000007bf400000, 0x00000007c0000000)
  eden space 495104K, 100% used [0x0000000795580000,0x00000007b3900000,0x00000007b3900000)
  from space 91136K, 0% used [0x00000007b9b00000,0x00000007b9b00000,0x00000007bf400000)
  to   space 95744K, 0% used [0x00000007b3900000,0x00000007b3900000,0x00000007b9680000)
 ParOldGen       total 1398272K, used 1397882K [0x0000000740000000, 0x0000000795580000, 0x0000000795580000)
  object space 1398272K, 99% used [0x0000000740000000,0x000000079551e888,0x0000000795580000)
 Metaspace       used 494640K, capacity 613622K, committed 614336K, reserved 1558528K
  class space    used 82322K, capacity 105793K, committed 105984K, reserved 1048576K
Event: 17088.726 GC heap after
Heap after GC invocations=148 (full 44):
 PSYoungGen      total 586240K, used 358142K [0x0000000795580000, 0x00000007bf400000, 0x00000007c0000000)
  eden space 495104K, 72% used [0x0000000795580000,0x00000007ab33fb68,0x00000007b3900000)
  from space 91136K, 0% used [0x00000007b9b00000,0x00000007b9b00000,0x00000007bf400000)
  to   space 95744K, 0% used [0x00000007b3900000,0x00000007b3900000,0x00000007b9680000)
 ParOldGen       total 1398272K, used 1397857K [0x0000000740000000, 0x0000000795580000, 0x0000000795580000)
  object space 1398272K, 99% used [0x0000000740000000,0x00000007955186f8,0x0000000795580000)
 Metaspace       used 494640K, capacity 613622K, committed 614336K, reserved 1558528K
  class space    used 82322K, capacity 105793K, committed 105984K, reserved 1048576K
}

